<?xml version="1.0" encoding="UTF-8"?>
<!-- Generated by org.testng.reporters.JUnitReportReporter -->
<testsuite hostname="shree-PC" name="com.test.uitests.SeleniumUITests" tests="3" failures="0" timestamp="29 Jun 2017 07:31:52 GMT" time="54.801" errors="0">
  <testcase name="testSpecialities" time="15.720" classname="com.test.uitests.SeleniumUITests"/>
  <testcase name="testVeterinarians" time="14.112" classname="com.test.uitests.SeleniumUITests"/>
  <testcase name="testAddOwner" time="24.969" classname="com.test.uitests.SeleniumUITests"/>
</testsuite>
